<?xml version="1.0" encoding="UTF-8"?>
<!-- Generated by org.testng.reporters.JUnitReportReporter -->
<testsuite skipped="0" hostname="DESKTOP-97F9FNJ" name="uk.gov.harrow.testsuit.BenefitsTest" tests="1" failures="0" timestamp="13 Apr 2020 17:14:12 GMT" time="31.449" errors="0">
  <testcase name="verifyUserIsAbleToNavigateToBenefitsPage" time="31.449" classname="uk.gov.harrow.testsuit.BenefitsTest"/>
</testsuite> <!-- uk.gov.harrow.testsuit.BenefitsTest -->
